#
# There is insufficient memory for the Java Runtime Environment to continue.
# Native memory allocation (mmap) failed to map 122683392 bytes for committing reserved memory.
# Possible reasons:
#   The system is out of physical RAM or swap space
#   In 32 bit mode, the process size limit was hit
# Possible solutions:
#   Reduce memory load on the system
#   Increase physical memory or swap space
#   Check if swap backing store is full
#   Use 64 bit Java on a 64 bit OS
#   Decrease Java heap size (-Xmx/-Xms)
#   Decrease number of Java threads
#   Decrease Java thread stack sizes (-Xss)
#   Set larger code cache with -XX:ReservedCodeCacheSize=
# This output file may be truncated or incomplete.
#
#  Out of Memory Error (os_linux.cpp:2627), pid=21672, tid=140173669021440
#
# JRE version: Java(TM) SE Runtime Environment (8.0_65-b17) (build 1.8.0_65-b17)
# Java VM: Java HotSpot(TM) 64-Bit Server VM (25.65-b01 mixed mode linux-amd64 compressed oops)
# Failed to write core dump. Core dumps have been disabled. To enable core dumping, try "ulimit -c unlimited" before starting Java again
#

---------------  T H R E A D  ---------------

Current thread (0x00007f7cd807a800):  VMThread [stack: 0x00007f7cb9afb000,0x00007f7cb9bfc000] [id=21682]

Stack: [0x00007f7cb9afb000,0x00007f7cb9bfc000],  sp=0x00007f7cb9bfa0e0,  free space=1020k
Native frames: (J=compiled Java code, j=interpreted, Vv=VM code, C=native code)
V  [libjvm.so+0xab97ea]  VMError::report_and_die()+0x2ba
V  [libjvm.so+0x4f9dcb]  report_vm_out_of_memory(char const*, int, unsigned long, VMErrorType, char const*)+0x8b
V  [libjvm.so+0x91a7c3]  os::Linux::commit_memory_impl(char*, unsigned long, bool)+0x103
V  [libjvm.so+0x91ad19]  os::pd_commit_memory(char*, unsigned long, unsigned long, bool)+0x29
V  [libjvm.so+0x91502a]  os::commit_memory(char*, unsigned long, unsigned long, bool)+0x2a
V  [libjvm.so+0x9886d3]  PSVirtualSpace::expand_by(unsigned long)+0x53
V  [libjvm.so+0x989ad8]  PSYoungGen::resize_generation(unsigned long, unsigned long)+0xf8
V  [libjvm.so+0x988c32]  PSYoungGen::resize(unsigned long, unsigned long)+0x22
V  [libjvm.so+0x985f0b]  PSScavenge::invoke_no_policy()+0xf3b
V  [libjvm.so+0x986691]  PSScavenge::invoke()+0x41
V  [libjvm.so+0x93e430]  ParallelScavengeHeap::failed_mem_allocate(unsigned long)+0x70
V  [libjvm.so+0xabb207]  VM_ParallelGCFailedAllocation::doit()+0x97
V  [libjvm.so+0xac2c35]  VM_Operation::evaluate()+0x55
V  [libjvm.so+0xac100a]  VMThread::evaluate_operation(VM_Operation*)+0xba
V  [libjvm.so+0xac138e]  VMThread::loop()+0x1ce
V  [libjvm.so+0xac1800]  VMThread::run()+0x70
V  [libjvm.so+0x91cb88]  java_start(Thread*)+0x108

VM_Operation (0x00007f7ce0303fc0): ParallelGCFailedAllocation, mode: safepoint, requested by thread 0x00007f7cd800c800


---------------  P R O C E S S  ---------------

Java Threads: ( => current thread )
  0x00007f7cd80cb000 JavaThread "Service Thread" daemon [_thread_blocked, id=21689, stack(0x00007f7cb8eb6000,0x00007f7cb8fb7000)]
  0x00007f7cd80bd800 JavaThread "C1 CompilerThread2" daemon [_thread_blocked, id=21688, stack(0x00007f7cb8fb7000,0x00007f7cb90b8000)]
  0x00007f7cd80bc000 JavaThread "C2 CompilerThread1" daemon [_thread_blocked, id=21687, stack(0x00007f7cb90b8000,0x00007f7cb91b9000)]
  0x00007f7cd80b9000 JavaThread "C2 CompilerThread0" daemon [_thread_blocked, id=21686, stack(0x00007f7cb91b9000,0x00007f7cb92ba000)]
  0x00007f7cd80b7800 JavaThread "Signal Dispatcher" daemon [_thread_blocked, id=21685, stack(0x00007f7cb92ba000,0x00007f7cb93bb000)]
  0x00007f7cd8081800 JavaThread "Finalizer" daemon [_thread_blocked, id=21684, stack(0x00007f7cb98f9000,0x00007f7cb99fa000)]
  0x00007f7cd807f800 JavaThread "Reference Handler" daemon [_thread_blocked, id=21683, stack(0x00007f7cb99fa000,0x00007f7cb9afb000)]
  0x00007f7cd800c800 JavaThread "main" [_thread_blocked, id=21677, stack(0x00007f7ce0205000,0x00007f7ce0306000)]

Other Threads:
=>0x00007f7cd807a800 VMThread [stack: 0x00007f7cb9afb000,0x00007f7cb9bfc000] [id=21682]
  0x00007f7cd80cd800 WatcherThread [stack: 0x00007f7cb8db5000,0x00007f7cb8eb6000] [id=21690]

VM state:at safepoint (normal execution)

VM Mutex/Monitor currently owned by a thread:  ([mutex/lock_event])
[0x00007f7cd8008dc0] Threads_lock - owner thread: 0x00007f7cd807a800
[0x00007f7cd80092c0] Heap_lock - owner thread: 0x00007f7cd800c800

Heap:
 PSYoungGen      total 68608K, used 5112K [0x00000000eab00000, 0x00000000ef300000, 0x0000000100000000)
  eden space 63488K, 0% used [0x00000000eab00000,0x00000000eab00000,0x00000000ee900000)
  from space 5120K, 99% used [0x00000000ee900000,0x00000000eedfe2f8,0x00000000eee00000)
  to   space 5120K, 0% used [0x00000000eee00000,0x00000000eee00000,0x00000000ef300000)
 ParOldGen       total 84992K, used 45064K [0x00000000c0000000, 0x00000000c5300000, 0x00000000eab00000)
  object space 84992K, 53% used [0x00000000c0000000,0x00000000c2c022e0,0x00000000c5300000)
 Metaspace       used 4711K, capacity 5432K, committed 5632K, reserved 1056768K
  class space    used 494K, capacity 496K, committed 512K, reserved 1048576K

Card table byte_map: [0x00007f7cdcdd1000,0x00007f7cdcfd2000] byte_map_base: 0x00007f7cdc7d1000

Marking Bits: (ParMarkBitMap*) 0x00007f7cdf6e0de0
 Begin Bits: [0x00007f7cba000000, 0x00007f7cbb000000)
 End Bits:   [0x00007f7cbb000000, 0x00007f7cbc000000)

Polling page: 0x00007f7ce0328000

CodeCache: size=245760Kb used=3668Kb max_used=3673Kb free=242091Kb
 bounds [0x00007f7cc9000000, 0x00007f7cc93a0000, 0x00007f7cd8000000]
 total_blobs=1383 nmethods=1109 adapters=188
 compilation: enabled

Compilation events (10 events):
Event: 5,933 Thread 0x00007f7cd80b9000 nmethod 1109 0x00007f7cc9394710 code [0x00007f7cc93948a0, 0x00007f7cc9394ba8]
Event: 5,933 Thread 0x00007f7cd80b9000 1113       4       com.android.dx.merge.DexMerger$IdMerger::mergeSorted (382 bytes)
Event: 5,941 Thread 0x00007f7cd80bc000 nmethod 1110 0x00007f7cc9395810 code [0x00007f7cc93959a0, 0x00007f7cc9396098]
Event: 5,942 Thread 0x00007f7cd80bd800 1114       3       com.android.dex.EncodedValueReader::readBoolean (24 bytes)
Event: 5,942 Thread 0x00007f7cd80bd800 nmethod 1114 0x00007f7cc938f210 code [0x00007f7cc938f380, 0x00007f7cc938f588]
Event: 5,946 Thread 0x00007f7cd80bd800 1118       3       com.android.dx.util.ByteArrayAnnotatedOutput::<init> (54 bytes)
Event: 5,946 Thread 0x00007f7cd80bc000 1115       4       com.android.dx.merge.IndexMap$EncodedValueTransformer::transformAnnotation (68 bytes)
Event: 5,947 Thread 0x00007f7cd80bd800 nmethod 1118 0x00007f7cc9395290 code [0x00007f7cc9395420, 0x00007f7cc9395708]
Event: 5,947 Thread 0x00007f7cd80bd800 1119       3       com.android.dx.merge.IndexMap::adjust (53 bytes)
Event: 5,948 Thread 0x00007f7cd80bd800 nmethod 1119 0x00007f7cc939a7d0 code [0x00007f7cc939aa00, 0x00007f7cc939b8e8]

GC Heap History (9 events):
Event: 3,433 GC heap before
{Heap before GC invocations=1 (full 0):
 PSYoungGen      total 36864K, used 28542K [0x00000000eab00000, 0x00000000ed400000, 0x0000000100000000)
  eden space 31744K, 89% used [0x00000000eab00000,0x00000000ec6df888,0x00000000eca00000)
  from space 5120K, 0% used [0x00000000ecf00000,0x00000000ecf00000,0x00000000ed400000)
  to   space 5120K, 0% used [0x00000000eca00000,0x00000000eca00000,0x00000000ecf00000)
 ParOldGen       total 84992K, used 0K [0x00000000c0000000, 0x00000000c5300000, 0x00000000eab00000)
  object space 84992K, 0% used [0x00000000c0000000,0x00000000c0000000,0x00000000c5300000)
 Metaspace       used 3694K, capacity 4880K, committed 5120K, reserved 1056768K
  class space    used 394K, capacity 456K, committed 512K, reserved 1048576K
Event: 3,447 GC heap after
Heap after GC invocations=1 (full 0):
 PSYoungGen      total 36864K, used 5119K [0x00000000eab00000, 0x00000000ed400000, 0x0000000100000000)
  eden space 31744K, 0% used [0x00000000eab00000,0x00000000eab00000,0x00000000eca00000)
  from space 5120K, 99% used [0x00000000eca00000,0x00000000eceffd30,0x00000000ecf00000)
  to   space 5120K, 0% used [0x00000000ecf00000,0x00000000ecf00000,0x00000000ed400000)
 ParOldGen       total 84992K, used 3433K [0x00000000c0000000, 0x00000000c5300000, 0x00000000eab00000)
  object space 84992K, 4% used [0x00000000c0000000,0x00000000c035a530,0x00000000c5300000)
 Metaspace       used 3694K, capacity 4880K, committed 5120K, reserved 1056768K
  class space    used 394K, capacity 456K, committed 512K, reserved 1048576K
}
Event: 3,867 GC heap before
{Heap before GC invocations=2 (full 0):
 PSYoungGen      total 36864K, used 36863K [0x00000000eab00000, 0x00000000ed400000, 0x0000000100000000)
  eden space 31744K, 100% used [0x00000000eab00000,0x00000000eca00000,0x00000000eca00000)
  from space 5120K, 99% used [0x00000000eca00000,0x00000000eceffd30,0x00000000ecf00000)
  to   space 5120K, 0% used [0x00000000ecf00000,0x00000000ecf00000,0x00000000ed400000)
 ParOldGen       total 84992K, used 3433K [0x00000000c0000000, 0x00000000c5300000, 0x00000000eab00000)
  object space 84992K, 4% used [0x00000000c0000000,0x00000000c035a530,0x00000000c5300000)
 Metaspace       used 3875K, capacity 5008K, committed 5120K, reserved 1056768K
  class space    used 409K, capacity 456K, committed 512K, reserved 1048576K
Event: 3,890 GC heap after
Heap after GC invocations=2 (full 0):
 PSYoungGen      total 36864K, used 5115K [0x00000000eab00000, 0x00000000ef300000, 0x0000000100000000)
  eden space 31744K, 0% used [0x00000000eab00000,0x00000000eab00000,0x00000000eca00000)
  from space 5120K, 99% used [0x00000000ecf00000,0x00000000ed3feda8,0x00000000ed400000)
  to   space 5120K, 0% used [0x00000000eca00000,0x00000000eca00000,0x00000000ecf00000)
 ParOldGen       total 84992K, used 33308K [0x00000000c0000000, 0x00000000c5300000, 0x00000000eab00000)
  object space 84992K, 39% used [0x00000000c0000000,0x00000000c2087310,0x00000000c5300000)
 Metaspace       used 3875K, capacity 5008K, committed 5120K, reserved 1056768K
  class space    used 409K, capacity 456K, committed 512K, reserved 1048576K
}
Event: 4,933 GC heap before
{Heap before GC invocations=3 (full 0):
 PSYoungGen      total 36864K, used 36859K [0x00000000eab00000, 0x00000000ef300000, 0x0000000100000000)
  eden space 31744K, 100% used [0x00000000eab00000,0x00000000eca00000,0x00000000eca00000)
  from space 5120K, 99% used [0x00000000ecf00000,0x00000000ed3feda8,0x00000000ed400000)
  to   space 5120K, 0% used [0x00000000eca00000,0x00000000eca00000,0x00000000ecf00000)
 ParOldGen       total 84992K, used 33308K [0x00000000c0000000, 0x00000000c5300000, 0x00000000eab00000)
  object space 84992K, 39% used [0x00000000c0000000,0x00000000c2087310,0x00000000c5300000)
 Metaspace       used 4358K, capacity 5424K, committed 5632K, reserved 1056768K
  class space    used 459K, capacity 488K, committed 512K, reserved 1048576K
Event: 4,977 GC heap after
Heap after GC invocations=3 (full 0):
 PSYoungGen      total 36864K, used 5093K [0x00000000eab00000, 0x00000000ef300000, 0x0000000100000000)
  eden space 31744K, 0% used [0x00000000eab00000,0x00000000eab00000,0x00000000eca00000)
  from space 5120K, 99% used [0x00000000eca00000,0x00000000ecef97d8,0x00000000ecf00000)
  to   space 5120K, 0% used [0x00000000eee00000,0x00000000eee00000,0x00000000ef300000)
 ParOldGen       total 84992K, used 35824K [0x00000000c0000000, 0x00000000c5300000, 0x00000000eab00000)
  object space 84992K, 42% used [0x00000000c0000000,0x00000000c22fc238,0x00000000c5300000)
 Metaspace       used 4358K, capacity 5424K, committed 5632K, reserved 1056768K
  class space    used 459K, capacity 488K, committed 512K, reserved 1048576K
}
Event: 5,125 GC heap before
{Heap before GC invocations=4 (full 0):
 PSYoungGen      total 36864K, used 36837K [0x00000000eab00000, 0x00000000ef300000, 0x0000000100000000)
  eden space 31744K, 100% used [0x00000000eab00000,0x00000000eca00000,0x00000000eca00000)
  from space 5120K, 99% used [0x00000000eca00000,0x00000000ecef97d8,0x00000000ecf00000)
  to   space 5120K, 0% used [0x00000000eee00000,0x00000000eee00000,0x00000000ef300000)
 ParOldGen       total 84992K, used 35824K [0x00000000c0000000, 0x00000000c5300000, 0x00000000eab00000)
  object space 84992K, 42% used [0x00000000c0000000,0x00000000c22fc238,0x00000000c5300000)
 Metaspace       used 4386K, capacity 5424K, committed 5632K, reserved 1056768K
  class space    used 459K, capacity 488K, committed 512K, reserved 1048576K
Event: 5,136 GC heap after
Heap after GC invocations=4 (full 0):
 PSYoungGen      total 68608K, used 5114K [0x00000000eab00000, 0x00000000ef300000, 0x0000000100000000)
  eden space 63488K, 0% used [0x00000000eab00000,0x00000000eab00000,0x00000000ee900000)
  from space 5120K, 99% used [0x00000000eee00000,0x00000000ef2feb18,0x00000000ef300000)
  to   space 5120K, 0% used [0x00000000ee900000,0x00000000ee900000,0x00000000eee00000)
 ParOldGen       total 84992K, used 36491K [0x00000000c0000000, 0x00000000c5300000, 0x00000000eab00000)
  object space 84992K, 42% used [0x00000000c0000000,0x00000000c23a2ef8,0x00000000c5300000)
 Metaspace       used 4386K, capacity 5424K, committed 5632K, reserved 1056768K
  class space    used 459K, capacity 488K, committed 512K, reserved 1048576K
}
Event: 5,954 GC heap before
{Heap before GC invocations=5 (full 0):
 PSYoungGen      total 68608K, used 68602K [0x00000000eab00000, 0x00000000ef300000, 0x0000000100000000)
  eden space 63488K, 100% used [0x00000000eab00000,0x00000000ee900000,0x00000000ee900000)
  from space 5120K, 99% used [0x00000000eee00000,0x00000000ef2feb18,0x00000000ef300000)
  to   space 5120K, 0% used [0x00000000ee900000,0x00000000ee900000,0x00000000eee00000)
 ParOldGen       total 84992K, used 36491K [0x00000000c0000000, 0x00000000c5300000, 0x00000000eab00000)
  object space 84992K, 42% used [0x00000000c0000000,0x00000000c23a2ef8,0x00000000c5300000)
 Metaspace       used 4711K, capacity 5432K, committed 5632K, reserved 1056768K
  class space    used 494K, capacity 496K, committed 512K, reserved 1048576K

Deoptimization events (10 events):
Event: 3,998 Thread 0x00007f7cd800c800 Uncommon trap: reason=predicate action=maybe_recompile pc=0x00007f7cc9252b3c method=com.android.dex.Leb128.readUnsignedLeb128(Lcom/android/dex/util/ByteInput;)I @ 41
Event: 4,042 Thread 0x00007f7cd800c800 Uncommon trap: reason=unstable_if action=reinterpret pc=0x00007f7cc926283c method=java.lang.Long.numberOfLeadingZeros(J)I @ 18
Event: 4,076 Thread 0x00007f7cd800c800 Uncommon trap: reason=unstable_if action=reinterpret pc=0x00007f7cc921ae2c method=java.util.HashMap.putVal(ILjava/lang/Object;Ljava/lang/Object;ZZ)Ljava/lang/Object; @ 109
Event: 4,089 Thread 0x00007f7cd800c800 Uncommon trap: reason=unstable_if action=reinterpret pc=0x00007f7cc9262c58 method=com.android.dex.EncodedValueCodec.readUnsignedInt(Lcom/android/dex/util/ByteInput;IZ)I @ 3
Event: 4,836 Thread 0x00007f7cd800c800 Uncommon trap: reason=unstable_if action=reinterpret pc=0x00007f7cc929ec14 method=com.android.dx.merge.IndexMap.adjustString(I)I @ 2
Event: 4,864 Thread 0x00007f7cd800c800 Uncommon trap: reason=unstable_if action=reinterpret pc=0x00007f7cc92939bc method=java.util.HashMap.getNode(ILjava/lang/Object;)Ljava/util/HashMap$Node; @ 84
Event: 4,868 Thread 0x00007f7cd800c800 Uncommon trap: reason=unstable_if action=reinterpret pc=0x00007f7cc9231bd8 method=java.util.HashMap.getNode(ILjava/lang/Object;)Ljava/util/HashMap$Node; @ 84
Event: 5,715 Thread 0x00007f7cd800c800 Uncommon trap: reason=unstable_if action=reinterpret pc=0x00007f7cc9170b1c method=java.lang.String.replace(CC)Ljava/lang/String; @ 2
Event: 5,716 Thread 0x00007f7cd800c800 Uncommon trap: reason=unstable_if action=reinterpret pc=0x00007f7cc9148944 method=java.lang.String.indexOf(II)I @ 49
Event: 5,833 Thread 0x00007f7cd800c800 Uncommon trap: reason=unstable_if action=reinterpret pc=0x00007f7cc922c1c8 method=com.android.dx.merge.DexMerger$IdMerger.readIntoMap(Lcom/android/dex/Dex$Section;Lcom/android/dex/TableOfContents$Section;Lcom/android/dx/merge/IndexMap;ILjava/util/TreeMap;

Internal exceptions (3 events):
Event: 0,981 Thread 0x00007f7cd800c800 Exception <a 'java/lang/NoSuchMethodError': Method sun.misc.Unsafe.defineClass(Ljava/lang/String;[BII)Ljava/lang/Class; name or signature does not match> (0x00000000eab129f8) thrown at [/HUDSON/workspace/8-2-build-linux-amd64/jdk8u65/4987/hotspot/src/shar
Event: 0,982 Thread 0x00007f7cd800c800 Exception <a 'java/lang/NoSuchMethodError': Method sun.misc.Unsafe.prefetchRead(Ljava/lang/Object;J)V name or signature does not match> (0x00000000eab12ce0) thrown at [/HUDSON/workspace/8-2-build-linux-amd64/jdk8u65/4987/hotspot/src/share/vm/prims/jni.cpp
Event: 5,833 Thread 0x00007f7cd800c800 Implicit null exception at 0x00007f7cc922bbf4 to 0x00007f7cc922c1a1

Events (10 events):
Event: 5,804 Thread 0x00007f7cd800c800 DEOPT PACKING pc=0x00007f7cc9382906 sp=0x00007f7ce0304390
Event: 5,804 Thread 0x00007f7cd800c800 DEOPT UNPACKING pc=0x00007f7cc9047633 sp=0x00007f7ce03040d0 mode 0
Event: 5,817 loading class java/util/zip/Adler32
Event: 5,824 loading class java/util/zip/Adler32 done
Event: 5,833 Thread 0x00007f7cd800c800 Uncommon trap: trap_request=0xffffff65 fr.pc=0x00007f7cc922c1c8
Event: 5,833 Thread 0x00007f7cd800c800 DEOPT PACKING pc=0x00007f7cc922c1c8 sp=0x00007f7ce0304440
Event: 5,833 Thread 0x00007f7cd800c800 DEOPT UNPACKING pc=0x00007f7cc9005229 sp=0x00007f7ce03043e8 mode 2
Event: 5,927 Thread 0x00007f7cd800c800 DEOPT PACKING pc=0x00007f7cc9214709 sp=0x00007f7ce03044a0
Event: 5,927 Thread 0x00007f7cd800c800 DEOPT UNPACKING pc=0x00007f7cc9047633 sp=0x00007f7ce0304298 mode 0
Event: 5,954 Executing VM operation: ParallelGCFailedAllocation


Dynamic libraries:
00400000-00401000 r-xp 00000000 08:14 8396226                            /usr/lib/jvm/jdk1.8.0_65/bin/java
00600000-00601000 rw-p 00000000 08:14 8396226                            /usr/lib/jvm/jdk1.8.0_65/bin/java
008f0000-00911000 rw-p 00000000 00:00 0                                  [heap]
c0000000-c5300000 rw-p 00000000 00:00 0 
c5300000-eab00000 ---p 00000000 00:00 0 
eab00000-ef300000 rw-p 00000000 00:00 0 
f6800000-100000000 ---p 00000000 00:00 0 
100000000-100080000 rw-p 00000000 00:00 0 
100080000-140000000 ---p 00000000 00:00 0 
7f7c90000000-7f7c90021000 rw-p 00000000 00:00 0 
7f7c90021000-7f7c94000000 ---p 00000000 00:00 0 
7f7c94000000-7f7c94021000 rw-p 00000000 00:00 0 
7f7c94021000-7f7c98000000 ---p 00000000 00:00 0 
7f7c98000000-7f7c98c44000 rw-p 00000000 00:00 0 
7f7c98c44000-7f7c9c000000 ---p 00000000 00:00 0 
7f7c9c000000-7f7c9c3eb000 rw-p 00000000 00:00 0 
7f7c9c3eb000-7f7ca0000000 ---p 00000000 00:00 0 
7f7ca0000000-7f7ca0021000 rw-p 00000000 00:00 0 
7f7ca0021000-7f7ca4000000 ---p 00000000 00:00 0 
7f7ca4000000-7f7ca4a75000 rw-p 00000000 00:00 0 
7f7ca4a75000-7f7ca8000000 ---p 00000000 00:00 0 
7f7ca8000000-7f7ca8021000 rw-p 00000000 00:00 0 
7f7ca8021000-7f7cac000000 ---p 00000000 00:00 0 
7f7cac000000-7f7cac021000 rw-p 00000000 00:00 0 
7f7cac021000-7f7cb0000000 ---p 00000000 00:00 0 
7f7cb0000000-7f7cb028e000 rw-p 00000000 00:00 0 
7f7cb028e000-7f7cb4000000 ---p 00000000 00:00 0 
7f7cb4000000-7f7cb4021000 rw-p 00000000 00:00 0 
7f7cb4021000-7f7cb8000000 ---p 00000000 00:00 0 
7f7cb8db5000-7f7cb8db6000 ---p 00000000 00:00 0 
7f7cb8db6000-7f7cb8eb6000 rw-p 00000000 00:00 0                          [stack:21690]
7f7cb8eb6000-7f7cb8eb9000 ---p 00000000 00:00 0 
7f7cb8eb9000-7f7cb8fb7000 rw-p 00000000 00:00 0                          [stack:21689]
7f7cb8fb7000-7f7cb8fba000 ---p 00000000 00:00 0 
7f7cb8fba000-7f7cb90b8000 rw-p 00000000 00:00 0                          [stack:21688]
7f7cb90b8000-7f7cb90bb000 ---p 00000000 00:00 0 
7f7cb90bb000-7f7cb91b9000 rw-p 00000000 00:00 0                          [stack:21687]
7f7cb91b9000-7f7cb91bc000 ---p 00000000 00:00 0 
7f7cb91bc000-7f7cb92ba000 rw-p 00000000 00:00 0                          [stack:21686]
7f7cb92ba000-7f7cb92bd000 ---p 00000000 00:00 0 
7f7cb92bd000-7f7cb93bb000 rw-p 00000000 00:00 0                          [stack:21685]
7f7cb93bb000-7f7cb98f9000 r--p 00000000 08:14 8261864                    /usr/lib/locale/locale-archive
7f7cb98f9000-7f7cb98fc000 ---p 00000000 00:00 0 
7f7cb98fc000-7f7cb99fa000 rw-p 00000000 00:00 0                          [stack:21684]
7f7cb99fa000-7f7cb99fd000 ---p 00000000 00:00 0 
7f7cb99fd000-7f7cb9afb000 rw-p 00000000 00:00 0                          [stack:21683]
7f7cb9afb000-7f7cb9afc000 ---p 00000000 00:00 0 
7f7cb9afc000-7f7cbc000000 rw-p 00000000 00:00 0                          [stack:21682]
7f7cbc000000-7f7cbc021000 rw-p 00000000 00:00 0 
7f7cbc021000-7f7cc0000000 ---p 00000000 00:00 0 
7f7cc0000000-7f7cc0021000 rw-p 00000000 00:00 0 
7f7cc0021000-7f7cc4000000 ---p 00000000 00:00 0 
7f7cc4000000-7f7cc4021000 rw-p 00000000 00:00 0 
7f7cc4021000-7f7cc8000000 ---p 00000000 00:00 0 
7f7cc8039000-7f7cc8040000 r--s 00000000 08:14 8390993                    /usr/lib/x86_64-linux-gnu/gconv/gconv-modules.cache
7f7cc8040000-7f7cc8066000 r--p 00000000 08:14 8529301                    /usr/share/locale-langpack/es/LC_MESSAGES/libc.mo
7f7cc8066000-7f7cc8075000 r--s 000df000 00:26 5512087                    /home/spheras/jasdata/desarrollo/software/android-sdk_r24.3.3-linux/build-tools/23.0.2/lib/dx.jar
7f7cc8075000-7f7cc8d00000 rw-p 00000000 00:00 0 
7f7cc8d00000-7f7cc9000000 ---p 00000000 00:00 0 
7f7cc9000000-7f7cc93a0000 rwxp 00000000 00:00 0 
7f7cc93a0000-7f7cd8000000 ---p 00000000 00:00 0 
7f7cd8000000-7f7cd83ab000 rw-p 00000000 00:00 0 
7f7cd83ab000-7f7cdc000000 ---p 00000000 00:00 0 
7f7cdc004000-7f7cdc429000 rw-p 00000000 00:00 0 
7f7cdc429000-7f7cdc601000 r--s 03d20000 08:14 8274446                    /usr/lib/jvm/jdk1.8.0_65/jre/lib/rt.jar
7f7cdc601000-7f7cdc877000 rw-p 00000000 00:00 0 
7f7cdc877000-7f7cdc878000 ---p 00000000 00:00 0 
7f7cdc878000-7f7cdc978000 rw-p 00000000 00:00 0                          [stack:21681]
7f7cdc978000-7f7cdc979000 ---p 00000000 00:00 0 
7f7cdc979000-7f7cdca79000 rw-p 00000000 00:00 0                          [stack:21680]
7f7cdca79000-7f7cdca7a000 ---p 00000000 00:00 0 
7f7cdca7a000-7f7cdcb7a000 rw-p 00000000 00:00 0                          [stack:21679]
7f7cdcb7a000-7f7cdcb7b000 ---p 00000000 00:00 0 
7f7cdcb7b000-7f7cdcca5000 rw-p 00000000 00:00 0                          [stack:21678]
7f7cdcca5000-7f7cdcdd1000 ---p 00000000 00:00 0 
7f7cdcdd1000-7f7cdcdfb000 rw-p 00000000 00:00 0 
7f7cdcdfb000-7f7cdcf26000 ---p 00000000 00:00 0 
7f7cdcf26000-7f7cdcf4b000 rw-p 00000000 00:00 0 
7f7cdcf4b000-7f7cdcfd1000 ---p 00000000 00:00 0 
7f7cdcfd1000-7f7cdcfe1000 rw-p 00000000 00:00 0 
7f7cdcfe1000-7f7cdd392000 ---p 00000000 00:00 0 
7f7cdd392000-7f7cdd3ac000 r-xp 00000000 08:14 8274511                    /usr/lib/jvm/jdk1.8.0_65/jre/lib/amd64/libzip.so
7f7cdd3ac000-7f7cdd5ac000 ---p 0001a000 08:14 8274511                    /usr/lib/jvm/jdk1.8.0_65/jre/lib/amd64/libzip.so
7f7cdd5ac000-7f7cdd5ad000 rw-p 0001a000 08:14 8274511                    /usr/lib/jvm/jdk1.8.0_65/jre/lib/amd64/libzip.so
7f7cdd5ad000-7f7cdd5b8000 r-xp 00000000 08:14 6033974                    /lib/x86_64-linux-gnu/libnss_files-2.19.so
7f7cdd5b8000-7f7cdd7b7000 ---p 0000b000 08:14 6033974                    /lib/x86_64-linux-gnu/libnss_files-2.19.so
7f7cdd7b7000-7f7cdd7b8000 r--p 0000a000 08:14 6033974                    /lib/x86_64-linux-gnu/libnss_files-2.19.so
7f7cdd7b8000-7f7cdd7b9000 rw-p 0000b000 08:14 6033974                    /lib/x86_64-linux-gnu/libnss_files-2.19.so
7f7cdd7b9000-7f7cdd7c4000 r-xp 00000000 08:14 6033966                    /lib/x86_64-linux-gnu/libnss_nis-2.19.so
7f7cdd7c4000-7f7cdd9c3000 ---p 0000b000 08:14 6033966                    /lib/x86_64-linux-gnu/libnss_nis-2.19.so
7f7cdd9c3000-7f7cdd9c4000 r--p 0000a000 08:14 6033966                    /lib/x86_64-linux-gnu/libnss_nis-2.19.so
7f7cdd9c4000-7f7cdd9c5000 rw-p 0000b000 08:14 6033966                    /lib/x86_64-linux-gnu/libnss_nis-2.19.so
7f7cdd9c5000-7f7cdd9dc000 r-xp 00000000 08:14 6033627                    /lib/x86_64-linux-gnu/libnsl-2.19.so
7f7cdd9dc000-7f7cddbdb000 ---p 00017000 08:14 6033627                    /lib/x86_64-linux-gnu/libnsl-2.19.so
7f7cddbdb000-7f7cddbdc000 r--p 00016000 08:14 6033627                    /lib/x86_64-linux-gnu/libnsl-2.19.so
7f7cddbdc000-7f7cddbdd000 rw-p 00017000 08:14 6033627                    /lib/x86_64-linux-gnu/libnsl-2.19.so
7f7cddbdd000-7f7cddbdf000 rw-p 00000000 00:00 0 
7f7cddbdf000-7f7cddbe8000 r-xp 00000000 08:14 6033626                    /lib/x86_64-linux-gnu/libnss_compat-2.19.so
7f7cddbe8000-7f7cddde7000 ---p 00009000 08:14 6033626                    /lib/x86_64-linux-gnu/libnss_compat-2.19.so
7f7cddde7000-7f7cddde8000 r--p 00008000 08:14 6033626                    /lib/x86_64-linux-gnu/libnss_compat-2.19.so
7f7cddde8000-7f7cddde9000 rw-p 00009000 08:14 6033626                    /lib/x86_64-linux-gnu/libnss_compat-2.19.so
7f7cddde9000-7f7cdde13000 r-xp 00000000 08:14 8274521                    /usr/lib/jvm/jdk1.8.0_65/jre/lib/amd64/libjava.so
7f7cdde13000-7f7cde013000 ---p 0002a000 08:14 8274521                    /usr/lib/jvm/jdk1.8.0_65/jre/lib/amd64/libjava.so
7f7cde013000-7f7cde015000 rw-p 0002a000 08:14 8274521                    /usr/lib/jvm/jdk1.8.0_65/jre/lib/amd64/libjava.so
7f7cde015000-7f7cde022000 r-xp 00000000 08:14 8274462                    /usr/lib/jvm/jdk1.8.0_65/jre/lib/amd64/libverify.so
7f7cde022000-7f7cde222000 ---p 0000d000 08:14 8274462                    /usr/lib/jvm/jdk1.8.0_65/jre/lib/amd64/libverify.so
7f7cde222000-7f7cde224000 rw-p 0000d000 08:14 8274462                    /usr/lib/jvm/jdk1.8.0_65/jre/lib/amd64/libverify.so
7f7cde224000-7f7cde22b000 r-xp 00000000 08:14 6033970                    /lib/x86_64-linux-gnu/librt-2.19.so
7f7cde22b000-7f7cde42a000 ---p 00007000 08:14 6033970                    /lib/x86_64-linux-gnu/librt-2.19.so
7f7cde42a000-7f7cde42b000 r--p 00006000 08:14 6033970                    /lib/x86_64-linux-gnu/librt-2.19.so
7f7cde42b000-7f7cde42c000 rw-p 00007000 08:14 6033970                    /lib/x86_64-linux-gnu/librt-2.19.so
7f7cde42c000-7f7cde531000 r-xp 00000000 08:14 6033437                    /lib/x86_64-linux-gnu/libm-2.19.so
7f7cde531000-7f7cde730000 ---p 00105000 08:14 6033437                    /lib/x86_64-linux-gnu/libm-2.19.so
7f7cde730000-7f7cde731000 r--p 00104000 08:14 6033437                    /lib/x86_64-linux-gnu/libm-2.19.so
7f7cde731000-7f7cde732000 rw-p 00105000 08:14 6033437                    /lib/x86_64-linux-gnu/libm-2.19.so
7f7cde732000-7f7cdf3f0000 r-xp 00000000 08:14 8274515                    /usr/lib/jvm/jdk1.8.0_65/jre/lib/amd64/server/libjvm.so
7f7cdf3f0000-7f7cdf5ef000 ---p 00cbe000 08:14 8274515                    /usr/lib/jvm/jdk1.8.0_65/jre/lib/amd64/server/libjvm.so
7f7cdf5ef000-7f7cdf6c7000 rw-p 00cbd000 08:14 8274515                    /usr/lib/jvm/jdk1.8.0_65/jre/lib/amd64/server/libjvm.so
7f7cdf6c7000-7f7cdf70c000 rw-p 00000000 00:00 0 
7f7cdf70c000-7f7cdf8c7000 r-xp 00000000 08:14 6033971                    /lib/x86_64-linux-gnu/libc-2.19.so
7f7cdf8c7000-7f7cdfac6000 ---p 001bb000 08:14 6033971                    /lib/x86_64-linux-gnu/libc-2.19.so
7f7cdfac6000-7f7cdfaca000 r--p 001ba000 08:14 6033971                    /lib/x86_64-linux-gnu/libc-2.19.so
7f7cdfaca000-7f7cdfacc000 rw-p 001be000 08:14 6033971                    /lib/x86_64-linux-gnu/libc-2.19.so
7f7cdfacc000-7f7cdfad1000 rw-p 00000000 00:00 0 
7f7cdfad1000-7f7cdfad4000 r-xp 00000000 08:14 6033440                    /lib/x86_64-linux-gnu/libdl-2.19.so
7f7cdfad4000-7f7cdfcd3000 ---p 00003000 08:14 6033440                    /lib/x86_64-linux-gnu/libdl-2.19.so
7f7cdfcd3000-7f7cdfcd4000 r--p 00002000 08:14 6033440                    /lib/x86_64-linux-gnu/libdl-2.19.so
7f7cdfcd4000-7f7cdfcd5000 rw-p 00003000 08:14 6033440                    /lib/x86_64-linux-gnu/libdl-2.19.so
7f7cdfcd5000-7f7cdfcea000 r-xp 00000000 08:14 8395519                    /usr/lib/jvm/jdk1.8.0_65/lib/amd64/jli/libjli.so
7f7cdfcea000-7f7cdfeea000 ---p 00015000 08:14 8395519                    /usr/lib/jvm/jdk1.8.0_65/lib/amd64/jli/libjli.so
7f7cdfeea000-7f7cdfeeb000 rw-p 00015000 08:14 8395519                    /usr/lib/jvm/jdk1.8.0_65/lib/amd64/jli/libjli.so
7f7cdfeeb000-7f7cdff04000 r-xp 00000000 08:14 6033963                    /lib/x86_64-linux-gnu/libpthread-2.19.so
7f7cdff04000-7f7ce0103000 ---p 00019000 08:14 6033963                    /lib/x86_64-linux-gnu/libpthread-2.19.so
7f7ce0103000-7f7ce0104000 r--p 00018000 08:14 6033963                    /lib/x86_64-linux-gnu/libpthread-2.19.so
7f7ce0104000-7f7ce0105000 rw-p 00019000 08:14 6033963                    /lib/x86_64-linux-gnu/libpthread-2.19.so
7f7ce0105000-7f7ce0109000 rw-p 00000000 00:00 0 
7f7ce0109000-7f7ce012c000 r-xp 00000000 08:14 6033964                    /lib/x86_64-linux-gnu/ld-2.19.so
7f7ce012e000-7f7ce0133000 r--s 00096000 08:14 8274625                    /usr/lib/jvm/jdk1.8.0_65/jre/lib/jsse.jar
7f7ce0133000-7f7ce0205000 rw-p 00000000 00:00 0 
7f7ce0205000-7f7ce0208000 ---p 00000000 00:00 0 
7f7ce0208000-7f7ce031f000 rw-p 00000000 00:00 0                          [stack:21677]
7f7ce031f000-7f7ce0327000 rw-s 00000000 08:14 2496211                    /tmp/hsperfdata_spheras/21672
7f7ce0327000-7f7ce0328000 rw-p 00000000 00:00 0 
7f7ce0328000-7f7ce0329000 ---p 00000000 00:00 0 
7f7ce0329000-7f7ce032b000 rw-p 00000000 00:00 0 
7f7ce032b000-7f7ce032c000 r--p 00022000 08:14 6033964                    /lib/x86_64-linux-gnu/ld-2.19.so
7f7ce032c000-7f7ce032d000 rw-p 00023000 08:14 6033964                    /lib/x86_64-linux-gnu/ld-2.19.so
7f7ce032d000-7f7ce032e000 rw-p 00000000 00:00 0 
7ffd040cb000-7ffd040ed000 rw-p 00000000 00:00 0                          [stack]
7ffd0417f000-7ffd04181000 r-xp 00000000 00:00 0                          [vdso]
7ffd04181000-7ffd04183000 r--p 00000000 00:00 0                          [vvar]
ffffffffff600000-ffffffffff601000 r-xp 00000000 00:00 0                  [vsyscall]

VM Arguments:
jvm_args: -Djava.awt.headless=true -Xmx1024M -Dfile.encoding=UTF-8 -Duser.country=ES -Duser.language=es -Duser.variant 
java_command: com.android.dx.command.Main --dex --num-threads=4 --output /home/spheras/jasdata/desarrollo/projects/messic/messic-android/messic-smarttv/build/intermediates/transforms/dex/debug/folders/1000/1f/main /home/spheras/jasdata/desarrollo/projects/messic/messic-android/messic-smarttv/build/intermediates/pre-dexed/debug/javax.inject-1_9b9dab1510d9835a316706f359a063e4b1df69d2.jar /home/spheras/jasdata/desarrollo/projects/messic/messic-android/messic-smarttv/build/intermediates/pre-dexed/debug/support-annotations-23.2.1_c73fe337e2e1885fbb2f155a134bcc0e06b02a65.jar /home/spheras/jasdata/desarrollo/projects/messic/messic-android/messic-smarttv/build/intermediates/pre-dexed/debug/io.reactivex-rxandroid-1.1.0_3f536501e68a83898e8641fdb87e048257e4c263.jar /home/spheras/jasdata/desarrollo/projects/messic/messic-android/messic-smarttv/build/intermediates/pre-dexed/debug/com.jakewharton.timber-timber-4.1.0_a30f15f14590c59520af4f4b3eacff155a16653e.jar /home/spheras/jasdata/desarrollo/projects/messic/messic-android/messic-smarttv/build/intermediates/pre-dexed/debug/baseLibrary-1.0-rc5_6f60093319317b227a13d87c3172d27afdd83467.jar /home/spheras/jasdata/desarrollo/projects/messic/messic-android/messic-smarttv/build/intermediates/pre-dexed/debug/com.android.support-animated-vector-drawable-23.2.1_3bbc4427aa31f524f58b856af1df80f2efddc002.jar /home/spheras/jasdata/desarrollo/projects/messic/messic-android/messic-smarttv/build/intermediates/pre-dexed/debug/dagger-2.0.2_a6cf9db578f138112693548278cae5b31545d122.jar /home/spheras/jasdata/desarrollo/projects/messic/messic-android/messic-smarttv/build/intermediates/pre-dexed/debug/com.android.support-cardview-v7-23.2.1_4c6ac88202144eb9450f1096e95f6f989b929cbe.jar /home/spheras/jasdata/desarrollo/projects/messic/messic-android/messic-smarttv/build/intermediates/pre-dexed/debug/jackson-annotations-2.4.0_ce26d53e998144a5ac6fe4754ed95c6f96fd2ac7.jar /home/spheras/jasdata/desarrollo/projects/messic/messic-android/messic-smarttv/build/in
java_class_path (initial): /home/spheras/jasdata/desarrollo/software/android-sdk_r24.3.3-linux/build-tools/23.0.2/lib/dx.jar
Launcher Type: SUN_STANDARD

Environment Variables:
PATH=/usr/local/sbin:/usr/local/bin:/usr/sbin:/usr/bin:/sbin:/bin:/usr/games:/usr/local/games
LD_LIBRARY_PATH=/home/spheras/jasdata/desarrollo/software/android-studio-ide-141.2456560-linux/bin:
SHELL=/bin/bash
DISPLAY=:0

Signal Handlers:
SIGSEGV: [libjvm.so+0xaba070], sa_mask[0]=11111111011111111101111111111110, sa_flags=SA_RESTART|SA_SIGINFO
SIGBUS: [libjvm.so+0xaba070], sa_mask[0]=11111111011111111101111111111110, sa_flags=SA_RESTART|SA_SIGINFO
SIGFPE: [libjvm.so+0x917630], sa_mask[0]=11111111011111111101111111111110, sa_flags=SA_RESTART|SA_SIGINFO
SIGPIPE: [libjvm.so+0x917630], sa_mask[0]=11111111011111111101111111111110, sa_flags=SA_RESTART|SA_SIGINFO
SIGXFSZ: [libjvm.so+0x917630], sa_mask[0]=11111111011111111101111111111110, sa_flags=SA_RESTART|SA_SIGINFO
SIGILL: [libjvm.so+0x917630], sa_mask[0]=11111111011111111101111111111110, sa_flags=SA_RESTART|SA_SIGINFO
SIGUSR1: SIG_DFL, sa_mask[0]=00000000000000000000000000000000, sa_flags=none
SIGUSR2: [libjvm.so+0x918c60], sa_mask[0]=00100000000000000000000000000000, sa_flags=SA_RESTART|SA_SIGINFO
SIGHUP: [libjvm.so+0x91a060], sa_mask[0]=11111111011111111101111111111110, sa_flags=SA_RESTART|SA_SIGINFO
SIGINT: [libjvm.so+0x91a060], sa_mask[0]=11111111011111111101111111111110, sa_flags=SA_RESTART|SA_SIGINFO
SIGTERM: [libjvm.so+0x91a060], sa_mask[0]=11111111011111111101111111111110, sa_flags=SA_RESTART|SA_SIGINFO
SIGQUIT: [libjvm.so+0x91a060], sa_mask[0]=11111111011111111101111111111110, sa_flags=SA_RESTART|SA_SIGINFO


---------------  S Y S T E M  ---------------

OS:DISTRIB_ID="elementary OS"
DISTRIB_RELEASE=0.3.2
DISTRIB_CODENAME=freya
DISTRIB_DESCRIPTION="elementary OS Freya"

uname:Linux 3.16.0-67-generic #87~14.04.1-Ubuntu SMP Fri Mar 11 00:26:02 UTC 2016 x86_64
libc:glibc 2.19 NPTL 2.19 
rlimit: STACK 8192k, CORE 0k, NPROC 31339, NOFILE 4096, AS infinity
load average:6,47 3,17 2,31

/proc/meminfo:
MemTotal:        8053148 kB
MemFree:          132192 kB
MemAvailable:     103244 kB
Buffers:             468 kB
Cached:          1025060 kB
SwapCached:            0 kB
Active:          6669120 kB
Inactive:         936524 kB
Active(anon):    6660312 kB
Inactive(anon):   923108 kB
Active(file):       8808 kB
Inactive(file):    13416 kB
Unevictable:          32 kB
Mlocked:              32 kB
SwapTotal:             0 kB
SwapFree:              0 kB
Dirty:               256 kB
Writeback:             0 kB
AnonPages:       6580280 kB
Mapped:           275004 kB
Shmem:           1003172 kB
Slab:             168172 kB
SReclaimable:      88820 kB
SUnreclaim:        79352 kB
KernelStack:       12832 kB
PageTables:        44744 kB
NFS_Unstable:          0 kB
Bounce:                0 kB
WritebackTmp:          0 kB
CommitLimit:     4026572 kB
Committed_AS:   12512880 kB
VmallocTotal:   34359738367 kB
VmallocUsed:      561900 kB
VmallocChunk:   34359080664 kB
HardwareCorrupted:     0 kB
AnonHugePages:   3207168 kB
HugePages_Total:       0
HugePages_Free:        0
HugePages_Rsvd:        0
HugePages_Surp:        0
Hugepagesize:       2048 kB
DirectMap4k:      110532 kB
DirectMap2M:     8155136 kB


CPU:total 4 (2 cores per cpu, 2 threads per core) family 6 model 58 stepping 9, cmov, cx8, fxsr, mmx, sse, sse2, sse3, ssse3, sse4.1, sse4.2, popcnt, avx, aes, clmul, erms, ht, tsc, tscinvbit, tscinv

/proc/cpuinfo:
processor	: 0
vendor_id	: GenuineIntel
cpu family	: 6
model		: 58
model name	: Intel(R) Core(TM) i5-3320M CPU @ 2.60GHz
stepping	: 9
microcode	: 0x15
cpu MHz		: 1284.359
cache size	: 3072 KB
physical id	: 0
siblings	: 4
core id		: 0
cpu cores	: 2
apicid		: 0
initial apicid	: 0
fpu		: yes
fpu_exception	: yes
cpuid level	: 13
wp		: yes
flags		: fpu vme de pse tsc msr pae mce cx8 apic sep mtrr pge mca cmov pat pse36 clflush dts acpi mmx fxsr sse sse2 ss ht tm pbe syscall nx rdtscp lm constant_tsc arch_perfmon pebs bts rep_good nopl xtopology nonstop_tsc aperfmperf eagerfpu pni pclmulqdq dtes64 monitor ds_cpl vmx smx est tm2 ssse3 cx16 xtpr pdcm pcid sse4_1 sse4_2 x2apic popcnt tsc_deadline_timer aes xsave avx f16c rdrand lahf_lm ida arat epb xsaveopt pln pts dtherm tpr_shadow vnmi flexpriority ept vpid fsgsbase smep erms
bogomips	: 5187.66
clflush size	: 64
cache_alignment	: 64
address sizes	: 36 bits physical, 48 bits virtual
power management:

processor	: 1
vendor_id	: GenuineIntel
cpu family	: 6
model		: 58
model name	: Intel(R) Core(TM) i5-3320M CPU @ 2.60GHz
stepping	: 9
microcode	: 0x15
cpu MHz		: 1293.195
cache size	: 3072 KB
physical id	: 0
siblings	: 4
core id		: 0
cpu cores	: 2
apicid		: 1
initial apicid	: 1
fpu		: yes
fpu_exception	: yes
cpuid level	: 13
wp		: yes
flags		: fpu vme de pse tsc msr pae mce cx8 apic sep mtrr pge mca cmov pat pse36 clflush dts acpi mmx fxsr sse sse2 ss ht tm pbe syscall nx rdtscp lm constant_tsc arch_perfmon pebs bts rep_good nopl xtopology nonstop_tsc aperfmperf eagerfpu pni pclmulqdq dtes64 monitor ds_cpl vmx smx est tm2 ssse3 cx16 xtpr pdcm pcid sse4_1 sse4_2 x2apic popcnt tsc_deadline_timer aes xsave avx f16c rdrand lahf_lm ida arat epb xsaveopt pln pts dtherm tpr_shadow vnmi flexpriority ept vpid fsgsbase smep erms
bogomips	: 5187.66
clflush size	: 64
cache_alignment	: 64
address sizes	: 36 bits physical, 48 bits virtual
power management:

processor	: 2
vendor_id	: GenuineIntel
cpu family	: 6
model		: 58
model name	: Intel(R) Core(TM) i5-3320M CPU @ 2.60GHz
stepping	: 9
microcode	: 0x15
cpu MHz		: 1213.164
cache size	: 3072 KB
physical id	: 0
siblings	: 4
core id		: 1
cpu cores	: 2
apicid		: 2
initial apicid	: 2
fpu		: yes
fpu_exception	: yes
cpuid level	: 13
wp		: yes
flags		: fpu vme de pse tsc msr pae mce cx8 apic sep mtrr pge mca cmov pat pse36 clflush dts acpi mmx fxsr sse sse2 ss ht tm pbe syscall nx rdtscp lm constant_tsc arch_perfmon pebs bts rep_good nopl xtopology nonstop_tsc aperfmperf eagerfpu pni pclmulqdq dtes64 monitor ds_cpl vmx smx est tm2 ssse3 cx16 xtpr pdcm pcid sse4_1 sse4_2 x2apic popcnt tsc_deadline_timer aes xsave avx f16c rdrand lahf_lm ida arat epb xsaveopt pln pts dtherm tpr_shadow vnmi flexpriority ept vpid fsgsbase smep erms
bogomips	: 5187.66
clflush size	: 64
cache_alignment	: 64
address sizes	: 36 bits physical, 48 bits virtual
power management:

processor	: 3
vendor_id	: GenuineIntel
cpu family	: 6
model		: 58
model name	: Intel(R) Core(TM) i5-3320M CPU @ 2.60GHz
stepping	: 9
microcode	: 0x15
cpu MHz		: 1214.382
cache size	: 3072 KB
physical id	: 0
siblings	: 4
core id		: 1
cpu cores	: 2
apicid		: 3
initial apicid	: 3
fpu		: yes
fpu_exception	: yes
cpuid level	: 13
wp		: yes
flags		: fpu vme de pse tsc msr pae mce cx8 apic sep mtrr pge mca cmov pat pse36 clflush dts acpi mmx fxsr sse sse2 ss ht tm pbe syscall nx rdtscp lm constant_tsc arch_perfmon pebs bts rep_good nopl xtopology nonstop_tsc aperfmperf eagerfpu pni pclmulqdq dtes64 monitor ds_cpl vmx smx est tm2 ssse3 cx16 xtpr pdcm pcid sse4_1 sse4_2 x2apic popcnt tsc_deadline_timer aes xsave avx f16c rdrand lahf_lm ida arat epb xsaveopt pln pts dtherm tpr_shadow vnmi flexpriority ept vpid fsgsbase smep erms
bogomips	: 5187.66
clflush size	: 64
cache_alignment	: 64
address sizes	: 36 bits physical, 48 bits virtual
power management:



Memory: 4k page, physical 8053148k(132192k free), swap 0k(0k free)

vm_info: Java HotSpot(TM) 64-Bit Server VM (25.65-b01) for linux-amd64 JRE (1.8.0_65-b17), built on Oct  6 2015 17:16:12 by "java_re" with gcc 4.3.0 20080428 (Red Hat 4.3.0-8)

time: Wed Mar 23 17:02:37 2016
elapsed time: 17 seconds (0d 0h 0m 17s)

